Drill Listing
=============
Drill: .015  Tool: 1  Feed: 95  Speed: 300
X 127000  Y 146500
X 125000  Y 163000
X 140500  Y 166000
X 155000  Y 166000
X 127000  Y 173500
X 107000  Y 195500
X 118000  Y 209000
X 133500  Y 216500
X 142000  Y 223000
X 150500  Y 229000
X 129000  Y 240000
X 114500  Y 259500
X 140000  Y 272000
X 175500  Y 300000
X 157000  Y 298500
X 159000  Y 294000
X 174500  Y 268000
X 163000  Y 260000
X 159500  Y 231000
X 178000  Y 230500
X 177000  Y 217000
X 172000  Y 208000
X 173000  Y 203500
X 177000  Y 202500
X 169500  Y 199000
X 171000  Y 181000
X 171000  Y 175000
X 177500  Y 175000
X 173500  Y 170000
X 158500  Y 157500
X 205000  Y 133500
X 187000  Y 179000
X 197500  Y 190500
X 193000  Y 192000
X 185000  Y 199000
X 200500  Y 199500
X 187000  Y 208500
X 196000  Y 217000
X 201500  Y 219000
X 184500  Y 220000
X 185000  Y 226000
X 193000  Y 249500
X 200500  Y 252000
X 181500  Y 305500
X 193000  Y 328500
X 211000  Y 301500
X 218000  Y 274500
X 218000  Y 246000
X 211000  Y 239500
X 215500  Y 230500
X 213000  Y 227000
X 205500  Y 218000
X 215500  Y 215000
X 228000  Y 214500
X 221500  Y 195000
X 209000  Y 193500
X 223500  Y 177500
X 222000  Y 168500
X 216000  Y 142000
X 214000  Y 133500
X 230500  Y 132500
X 243500  Y 146000
X 234000  Y 152000
X 249500  Y 155000
X 244000  Y 156500
X 247500  Y 159000
X 254000  Y 165500
X 234500  Y 168500
X 243000  Y 177000
X 243000  Y 181500
X 252000  Y 181500
X 247500  Y 182500
X 236500  Y 183000
X 232000  Y 202000
X 253500  Y 206000
X 252000  Y 211500
X 242000  Y 214000
X 243500  Y 220000
X 241500  Y 224000
X 244500  Y 236000
X 242000  Y 242000
X 252000  Y 244000
X 239500  Y 254000
X 241500  Y 264500
X 271000  Y 362000
X 269000  Y 352500
X 258500  Y 348000
X 264000  Y 340500
X 275500  Y 340500
X 263000  Y 328000
X 270500  Y 325500
X 268500  Y 321500
X 272500  Y 318000
X 269500  Y 283000
X 271500  Y 275000
X 261500  Y 273000
X 269500  Y 245500
X 270500  Y 240000
X 263000  Y 237500
X 273500  Y 229500
X 277000  Y 224500
X 261500  Y 209000
X 257500  Y 204000
X 276500  Y 192000
X 275500  Y 188000
X 278000  Y 184500
X 257500  Y 182000
X 261500  Y 179500
X 275000  Y 179000
X 261500  Y 173000
X 261500  Y 168500
X 277500  Y 147000
X 266500  Y 144500
X 273000  Y 144500
X 263500  Y 131500
X 299500  Y 131500
X 285500  Y 132000
X 294500  Y 133000
X 294000  Y 147500
X 294500  Y 161500
X 297500  Y 165000
X 294500  Y 168500
X 297500  Y 171500
X 303500  Y 178000
X 290000  Y 188000
X 283500  Y 194500
X 295000  Y 198500
X 303500  Y 210500
X 280500  Y 216000
X 297500  Y 248000
X 284000  Y 253500
X 286000  Y 274000
X 299000  Y 291000
X 296000  Y 296000
X 287500  Y 299000
X 296500  Y 301500
X 287500  Y 303500
X 284500  Y 330500
X 281500  Y 347000
X 301000  Y 357000
X 319000  Y 261500
X 308000  Y 240500
X 307500  Y 230500
X 317000  Y 219500
X 308000  Y 203500
X 312500  Y 189500
X 311500  Y 183500
X 311500  Y 177500
X 330000  Y 171500
X 310000  Y 169000
X 309500  Y 154500
X 326500  Y 137500
X 306500  Y 137000
X 354500  Y 141500
X 342500  Y 172500
X 350000  Y 179000
X 346500  Y 181500
X 354000  Y 214500
X 341500  Y 229500
X 339000  Y 243000
X 338000  Y 256500
X 354500  Y 262000
X 354500  Y 282500
X 346500  Y 336000
X 352000  Y 338000
X 376500  Y 269500
X 371500  Y 268500
X 368500  Y 263000
X 365000  Y 227000
X 360500  Y 225000
X 356500  Y 219500
X 369000  Y 194000
X 357000  Y 172500
X 371000  Y 164000
X 365500  Y 160000
X 371500  Y 142000
X 363000  Y 124000
X 417000  Y 136000
X 392000  Y 159000
X 386000  Y 163000
X 403500  Y 180500
X 413500  Y 183000
X 388500  Y 203000
X 412000  Y 204500
X 385500  Y 206000
X 414500  Y 224000
X 384500  Y 241000
X 395000  Y 286000
X 429000  Y 293500
X 382500  Y 308000
X 441000  Y 305000
X 432500  Y 303000
X 460000  Y 212000
X 437500  Y 198500
X 447000  Y 125500

Drill: .02559  Tool: 2  Feed: 197  Speed: 550
X 166500  Y 122500
X 171500  Y 122500
X 176500  Y 122500
X 171500  Y 127500
X 166500  Y 127500
X 176500  Y 127500
X 181500  Y 127500
X 186500  Y 127500
X 186500  Y 122500
X 181500  Y 122500

Drill: .0315  Tool: 3  Feed: 197  Speed: 550
X 116029  Y 144557
X 116029  Y 164242

Drill: .035  Tool: 4  Feed: 197  Speed: 550
X 247000  Y 118000
X 247000  Y 125900
X 150500  Y 240200
X 158400  Y 240200

Drill: .037  Tool: 5  Feed: 197  Speed: 550
X 181500  Y 284500
X 205500  Y 315000
X 249000  Y 318500
X 238000  Y 337000
X 281000  Y 381500
X 314000  Y 373500
X 274500  Y 357500
X 257000  Y 310500
X 276000  Y 288500
X 425000  Y 257000
X 395000  Y 272000
X 423500  Y 310500
X 392500  Y 322000
X 449500  Y 368000

Drill: .04  Tool: 6  Feed: 139  Speed: 550
X 135000  Y 287500
X 146800  Y 287500
X 146800  Y 334100
X 135000  Y 334100
X 146800  Y 345900
X 135000  Y 345900
X 155200  Y 386400
X 180600  Y 387000
X 206600  Y 386200
X 405400  Y 114400
X 453200  Y 151700
X 453200  Y 163500
X 453200  Y 175300
X 453200  Y 222600
X 453200  Y 234400
X 453200  Y 276600
X 453200  Y 288400
X 453200  Y 334100
X 453200  Y 345900
X 408126  Y 375913
X 465000  Y 345900
X 465000  Y 334100
X 465000  Y 288400
X 465000  Y 276600
X 465000  Y 234400
X 465000  Y 222600
X 465000  Y 175300
X 465000  Y 163500
X 465000  Y 151700

Drill: .04331  Tool: 7  Feed: 139  Speed: 550
X 105400  Y 140620
X 105400  Y 168179

Drill: .05906  Tool: 8  Feed: 107  Speed: 550
X 324500  Y 189157
X 324500  Y 208842

Drill: .118  Tool: 9  Feed: 69  Speed: 658
X 118000  Y 287500
X 118000  Y 340000
X 482000  Y 340000
X 482000  Y 282500
X 482000  Y 228500
X 482000  Y 163500

Drill: .175  Tool: 10  Feed: 35  Speed: 1033
X 120000  Y 120000
X 120000  Y 380000
X 480000  Y 380000
X 480000  Y 120000

End of Listing
